<?xml version="1.0" encoding="UTF-8"?>
<!-- Generated by org.testng.reporters.JUnitReportReporter -->
<testsuite hostname="CBT-002" name="qsp.DemoA" tests="1" failures="0" timestamp="4 Feb 2018 11:02:08 GMT" time="6.276" errors="0">
  <testcase name="testA" time="6.276" classname="qsp.DemoA"/>
</testsuite> <!-- qsp.DemoA -->
