<?xml version="1.0" encoding="UTF-8"?>
<!-- Generated by org.testng.reporters.JUnitReportReporter -->
<testsuite name="qsp.DemoA" tests="1" time="8.852" ignored="0" failures="0" timestamp="04 Feb 2018 11:02:46 GMT" skipped="0" hostname="CBT-002" errors="0">
  <testcase name="testA" time="8.852" classname="qsp.DemoA"/>
</testsuite> <!-- qsp.DemoA -->
